video_id: kqtD5dpn9C8
timestamp: 20260214T075847Z
exception_type: VideoUnavailable
exception_msg: 
Could not retrieve a transcript for the video https://www.youtube.com/watch?v=kqtD5dpn9C8! This is most likely caused by:

The video is no longer available

If you are sure that the described cause is not responsible for this error and that a transcript should be retrievable, please create an issue at https://github.com/jdepoix/youtube-transcript-api/issues. Please add which version of youtube_transcript_api you are using and provide the information needed to replicate the error. Also make sure that there are no open issues which already describe your problem!

Traceback (most recent call last):
  File "/home/kk/Projects/SAH/tests/../src/fetchers/youtube_fetcher.py", line 175, in fetch_transcript
    text = _raw_fetch(video_id)
  File "/home/kk/Projects/SAH/tests/../src/fetchers/youtube_fetcher.py", line 134, in _raw_fetch
    result = _api.fetch(video_id)
  File "/usr/lib/python3.14/unittest/mock.py", line 1175, in __call__
    return self._mock_call(*args, **kwargs)
           ~~~~~~~~~~~~~~~^^^^^^^^^^^^^^^^^
  File "/usr/lib/python3.14/unittest/mock.py", line 1179, in _mock_call
    return self._execute_mock_call(*args, **kwargs)
           ~~~~~~~~~~~~~~~~~~~~~~~^^^^^^^^^^^^^^^^^
  File "/usr/lib/python3.14/unittest/mock.py", line 1234, in _execute_mock_call
    raise effect
youtube_transcript_api._errors.VideoUnavailable: 
Could not retrieve a transcript for the video https://www.youtube.com/watch?v=kqtD5dpn9C8! This is most likely caused by:

The video is no longer available

If you are sure that the described cause is not responsible for this error and that a transcript should be retrievable, please create an issue at https://github.com/jdepoix/youtube-transcript-api/issues. Please add which version of youtube_transcript_api you are using and provide the information needed to replicate the error. Also make sure that there are no open issues which already describe your problem!
